2020-06-10 15:56:45.182  INFO 1384 --- [restartedMain] com.example.weiyi.WeiyiApplication       : Starting WeiyiApplication on LAPTOP-0KV13E5B with PID 1384 (E:\IDEADemo\weiyi\target\classes started by 87248 in E:\IDEADemo\weiyi)
2020-06-10 15:56:45.182  INFO 1384 --- [restartedMain] com.example.weiyi.WeiyiApplication       : No active profile set, falling back to default profiles: default
2020-06-10 15:56:45.292  INFO 1384 --- [restartedMain] .e.DevToolsPropertyDefaultsPostProcessor : Devtools property defaults active! Set 'spring.devtools.add-properties' to 'false' to disable
2020-06-10 15:56:45.292  INFO 1384 --- [restartedMain] .e.DevToolsPropertyDefaultsPostProcessor : For additional web related logging consider setting the 'logging.level.web' property to 'DEBUG'
2020-06-10 15:56:47.800  INFO 1384 --- [restartedMain] .s.d.r.c.RepositoryConfigurationDelegate : Bootstrapping Spring Data JPA repositories in DEFERRED mode.
2020-06-10 15:56:47.920  INFO 1384 --- [restartedMain] .s.d.r.c.RepositoryConfigurationDelegate : Finished Spring Data repository scanning in 103ms. Found 9 JPA repository interfaces.
2020-06-10 15:56:48.110  WARN 1384 --- [restartedMain] o.m.s.mapper.ClassPathMapperScanner      : No MyBatis mapper was found in '[com.example.weiyi]' package. Please check your configuration.
2020-06-10 15:56:48.880  INFO 1384 --- [restartedMain] o.s.b.w.embedded.tomcat.TomcatWebServer  : Tomcat initialized with port(s): 8080 (http)
2020-06-10 15:56:49.120  INFO 1384 --- [restartedMain] o.apache.catalina.core.StandardService   : Starting service [Tomcat]
2020-06-10 15:56:49.120  INFO 1384 --- [restartedMain] org.apache.catalina.core.StandardEngine  : Starting Servlet engine: [Apache Tomcat/9.0.35]
2020-06-10 15:56:49.450  INFO 1384 --- [restartedMain] o.a.c.c.C.[Tomcat].[localhost].[/]       : Initializing Spring embedded WebApplicationContext
2020-06-10 15:56:49.450  INFO 1384 --- [restartedMain] o.s.web.context.ContextLoader            : Root WebApplicationContext: initialization completed in 4158 ms
2020-06-10 15:56:49.649  INFO 1384 --- [restartedMain] o.s.s.concurrent.ThreadPoolTaskExecutor  : Initializing ExecutorService 'applicationTaskExecutor'
2020-06-10 15:56:49.729  INFO 1384 --- [task-1] o.hibernate.jpa.internal.util.LogHelper  : HHH000204: Processing PersistenceUnitInfo [name: default]
2020-06-10 15:56:49.819  INFO 1384 --- [task-1] org.hibernate.Version                    : HHH000412: Hibernate ORM core version 5.4.15.Final
2020-06-10 15:56:49.819  WARN 1384 --- [restartedMain] JpaBaseConfiguration$JpaWebConfiguration : spring.jpa.open-in-view is enabled by default. Therefore, database queries may be performed during view rendering. Explicitly configure spring.jpa.open-in-view to disable this warning
2020-06-10 15:56:50.239  INFO 1384 --- [task-1] o.hibernate.annotations.common.Version   : HCANN000001: Hibernate Commons Annotations {5.1.0.Final}
2020-06-10 15:56:50.579  INFO 1384 --- [task-1] com.zaxxer.hikari.HikariDataSource       : HikariPool-1 - Starting...
2020-06-10 15:56:50.909  INFO 1384 --- [task-1] com.zaxxer.hikari.pool.PoolBase          : HikariPool-1 - Driver does not support get/set network timeout for connections. (com.mysql.jdbc.JDBC4Connection.getNetworkTimeout()I)
2020-06-10 15:56:50.909  INFO 1384 --- [task-1] com.zaxxer.hikari.HikariDataSource       : HikariPool-1 - Start completed.
2020-06-10 15:56:50.959  INFO 1384 --- [task-1] org.hibernate.dialect.Dialect            : HHH000400: Using dialect: org.hibernate.dialect.MySQL5InnoDBDialect
2020-06-10 15:56:52.638  INFO 1384 --- [task-1] o.h.e.t.j.p.i.JtaPlatformInitiator       : HHH000490: Using JtaPlatform implementation: [org.hibernate.engine.transaction.jta.platform.internal.NoJtaPlatform]
2020-06-10 15:56:52.658  INFO 1384 --- [task-1] j.LocalContainerEntityManagerFactoryBean : Initialized JPA EntityManagerFactory for persistence unit 'default'
2020-06-10 15:56:53.498  INFO 1384 --- [restartedMain] o.s.b.a.w.s.WelcomePageHandlerMapping    : Adding welcome page template: index
2020-06-10 15:56:53.698  INFO 1384 --- [task-2] o.s.b.d.a.OptionalLiveReloadServer       : LiveReload server is running on port 35729
2020-06-10 15:56:54.377  INFO 1384 --- [restartedMain] o.s.b.w.embedded.tomcat.TomcatWebServer  : Tomcat started on port(s): 8080 (http) with context path ''
2020-06-10 15:56:54.377  INFO 1384 --- [restartedMain] DeferredRepositoryInitializationListener : Triggering deferred initialization of Spring Data repositories…
2020-06-10 15:56:55.207  INFO 1384 --- [restartedMain] DeferredRepositoryInitializationListener : Spring Data repositories initialized!
2020-06-10 15:56:55.257  INFO 1384 --- [restartedMain] com.example.weiyi.WeiyiApplication       : Started WeiyiApplication in 11.44 seconds (JVM running for 18.488)
2020-06-10 15:57:10.124  INFO 1384 --- [http-nio-8080-exec-1] o.apache.tomcat.util.http.parser.Cookie  : A cookie header was received [1589283574,1589337142,1589560880; zplayer-volume=0.9; Hm_lvt_b393d153aeb26b46e9431fabaf0f6190=1591601183,1591603357,1591685818,1591687141] that contained an invalid cookie. That cookie will be ignored.
 Note: further occurrences of this error will be logged at DEBUG level.
2020-06-10 15:57:10.134  INFO 1384 --- [http-nio-8080-exec-1] o.a.c.c.C.[Tomcat].[localhost].[/]       : Initializing Spring DispatcherServlet 'dispatcherServlet'
2020-06-10 15:57:10.134  INFO 1384 --- [http-nio-8080-exec-1] o.s.web.servlet.DispatcherServlet        : Initializing Servlet 'dispatcherServlet'
2020-06-10 15:57:10.144  INFO 1384 --- [http-nio-8080-exec-1] o.s.web.servlet.DispatcherServlet        : Completed initialization in 10 ms
2020-06-10 16:15:43.075  WARN 1384 --- [http-nio-8080-exec-5] .w.s.m.s.DefaultHandlerExceptionResolver : Resolved [org.springframework.web.HttpRequestMethodNotSupportedException: Request method 'GET' not supported]
2020-06-10 16:21:41.609  INFO 16344 --- [restartedMain] com.example.weiyi.WeiyiApplication       : Starting WeiyiApplication on LAPTOP-0KV13E5B with PID 16344 (E:\IDEADemo\weiyi\target\classes started by 87248 in E:\IDEADemo\weiyi)
2020-06-10 16:21:41.609  INFO 16344 --- [restartedMain] com.example.weiyi.WeiyiApplication       : No active profile set, falling back to default profiles: default
2020-06-10 16:21:41.649  INFO 16344 --- [restartedMain] .e.DevToolsPropertyDefaultsPostProcessor : Devtools property defaults active! Set 'spring.devtools.add-properties' to 'false' to disable
2020-06-10 16:21:41.649  INFO 16344 --- [restartedMain] .e.DevToolsPropertyDefaultsPostProcessor : For additional web related logging consider setting the 'logging.level.web' property to 'DEBUG'
2020-06-10 16:21:42.599  INFO 16344 --- [restartedMain] .s.d.r.c.RepositoryConfigurationDelegate : Bootstrapping Spring Data JPA repositories in DEFERRED mode.
2020-06-10 16:21:42.719  INFO 16344 --- [restartedMain] .s.d.r.c.RepositoryConfigurationDelegate : Finished Spring Data repository scanning in 116ms. Found 9 JPA repository interfaces.
2020-06-10 16:21:42.858  WARN 16344 --- [restartedMain] o.m.s.mapper.ClassPathMapperScanner      : No MyBatis mapper was found in '[com.example.weiyi]' package. Please check your configuration.
2020-06-10 16:21:43.288  INFO 16344 --- [restartedMain] o.s.b.w.embedded.tomcat.TomcatWebServer  : Tomcat initialized with port(s): 8080 (http)
2020-06-10 16:21:43.298  INFO 16344 --- [restartedMain] o.apache.catalina.core.StandardService   : Starting service [Tomcat]
2020-06-10 16:21:43.298  INFO 16344 --- [restartedMain] org.apache.catalina.core.StandardEngine  : Starting Servlet engine: [Apache Tomcat/9.0.35]
2020-06-10 16:21:43.388  INFO 16344 --- [restartedMain] o.a.c.c.C.[Tomcat].[localhost].[/]       : Initializing Spring embedded WebApplicationContext
2020-06-10 16:21:43.388  INFO 16344 --- [restartedMain] o.s.web.context.ContextLoader            : Root WebApplicationContext: initialization completed in 1739 ms
2020-06-10 16:21:43.528  INFO 16344 --- [restartedMain] o.s.s.concurrent.ThreadPoolTaskExecutor  : Initializing ExecutorService 'applicationTaskExecutor'
2020-06-10 16:21:43.568  INFO 16344 --- [task-1] o.hibernate.jpa.internal.util.LogHelper  : HHH000204: Processing PersistenceUnitInfo [name: default]
2020-06-10 16:21:43.608  INFO 16344 --- [task-1] org.hibernate.Version                    : HHH000412: Hibernate ORM core version 5.4.15.Final
2020-06-10 16:21:43.628  WARN 16344 --- [restartedMain] JpaBaseConfiguration$JpaWebConfiguration : spring.jpa.open-in-view is enabled by default. Therefore, database queries may be performed during view rendering. Explicitly configure spring.jpa.open-in-view to disable this warning
2020-06-10 16:21:43.748  INFO 16344 --- [task-1] o.hibernate.annotations.common.Version   : HCANN000001: Hibernate Commons Annotations {5.1.0.Final}
2020-06-10 16:21:43.818  INFO 16344 --- [task-1] com.zaxxer.hikari.HikariDataSource       : HikariPool-1 - Starting...
2020-06-10 16:21:43.928  INFO 16344 --- [task-1] com.zaxxer.hikari.pool.PoolBase          : HikariPool-1 - Driver does not support get/set network timeout for connections. (com.mysql.jdbc.JDBC4Connection.getNetworkTimeout()I)
2020-06-10 16:21:43.928  INFO 16344 --- [task-1] com.zaxxer.hikari.HikariDataSource       : HikariPool-1 - Start completed.
2020-06-10 16:21:43.938  INFO 16344 --- [task-1] org.hibernate.dialect.Dialect            : HHH000400: Using dialect: org.hibernate.dialect.MySQL5InnoDBDialect
2020-06-10 16:21:44.578  INFO 16344 --- [task-1] o.h.e.t.j.p.i.JtaPlatformInitiator       : HHH000490: Using JtaPlatform implementation: [org.hibernate.engine.transaction.jta.platform.internal.NoJtaPlatform]
2020-06-10 16:21:44.587  INFO 16344 --- [task-1] j.LocalContainerEntityManagerFactoryBean : Initialized JPA EntityManagerFactory for persistence unit 'default'
2020-06-10 16:21:44.877  INFO 16344 --- [task-2] o.s.b.d.a.OptionalLiveReloadServer       : LiveReload server is running on port 35729
2020-06-10 16:21:44.917  INFO 16344 --- [restartedMain] o.s.b.a.w.s.WelcomePageHandlerMapping    : Adding welcome page template: index
2020-06-10 16:21:45.147  INFO 16344 --- [restartedMain] o.s.b.w.embedded.tomcat.TomcatWebServer  : Tomcat started on port(s): 8080 (http) with context path ''
2020-06-10 16:21:45.147  INFO 16344 --- [restartedMain] DeferredRepositoryInitializationListener : Triggering deferred initialization of Spring Data repositories…
2020-06-10 16:21:45.457  INFO 16344 --- [restartedMain] DeferredRepositoryInitializationListener : Spring Data repositories initialized!
2020-06-10 16:21:45.457  INFO 16344 --- [restartedMain] com.example.weiyi.WeiyiApplication       : Started WeiyiApplication in 4.387 seconds (JVM running for 5.907)
2020-06-10 16:21:50.678  INFO 16344 --- [http-nio-8080-exec-1] o.apache.tomcat.util.http.parser.Cookie  : A cookie header was received [1589283574,1589337142,1589560880; zplayer-volume=0.9; Hm_lvt_b393d153aeb26b46e9431fabaf0f6190=1591685818,1591687141,1591775835,1591776832; JSESSIONID=663E6FD73DFC8863B6161159597F38A2; Hm_lpvt_b393d153aeb26b46e9431fabaf0f6190=1591777072] that contained an invalid cookie. That cookie will be ignored.
 Note: further occurrences of this error will be logged at DEBUG level.
2020-06-10 16:21:50.688  INFO 16344 --- [http-nio-8080-exec-1] o.a.c.c.C.[Tomcat].[localhost].[/]       : Initializing Spring DispatcherServlet 'dispatcherServlet'
2020-06-10 16:21:50.688  INFO 16344 --- [http-nio-8080-exec-1] o.s.web.servlet.DispatcherServlet        : Initializing Servlet 'dispatcherServlet'
2020-06-10 16:21:50.698  INFO 16344 --- [http-nio-8080-exec-1] o.s.web.servlet.DispatcherServlet        : Completed initialization in 10 ms
2020-06-10 16:23:53.951  WARN 16344 --- [http-nio-8080-exec-5] .w.s.m.s.DefaultHandlerExceptionResolver : Resolved [org.springframework.web.HttpRequestMethodNotSupportedException: Request method 'GET' not supported]
2020-06-10 16:26:38.807  INFO 12836 --- [restartedMain] com.example.weiyi.WeiyiApplication       : Starting WeiyiApplication on LAPTOP-0KV13E5B with PID 12836 (E:\IDEADemo\weiyi\target\classes started by 87248 in E:\IDEADemo\weiyi)
2020-06-10 16:26:38.807  INFO 12836 --- [restartedMain] com.example.weiyi.WeiyiApplication       : No active profile set, falling back to default profiles: default
2020-06-10 16:26:38.847  INFO 12836 --- [restartedMain] .e.DevToolsPropertyDefaultsPostProcessor : Devtools property defaults active! Set 'spring.devtools.add-properties' to 'false' to disable
2020-06-10 16:26:38.847  INFO 12836 --- [restartedMain] .e.DevToolsPropertyDefaultsPostProcessor : For additional web related logging consider setting the 'logging.level.web' property to 'DEBUG'
2020-06-10 16:26:39.526  INFO 12836 --- [restartedMain] .s.d.r.c.RepositoryConfigurationDelegate : Bootstrapping Spring Data JPA repositories in DEFERRED mode.
2020-06-10 16:26:39.626  INFO 12836 --- [restartedMain] .s.d.r.c.RepositoryConfigurationDelegate : Finished Spring Data repository scanning in 94ms. Found 9 JPA repository interfaces.
2020-06-10 16:26:39.736  WARN 12836 --- [restartedMain] o.m.s.mapper.ClassPathMapperScanner      : No MyBatis mapper was found in '[com.example.weiyi]' package. Please check your configuration.
2020-06-10 16:26:40.216  INFO 12836 --- [restartedMain] o.s.b.w.embedded.tomcat.TomcatWebServer  : Tomcat initialized with port(s): 8080 (http)
2020-06-10 16:26:40.226  INFO 12836 --- [restartedMain] o.apache.catalina.core.StandardService   : Starting service [Tomcat]
2020-06-10 16:26:40.226  INFO 12836 --- [restartedMain] org.apache.catalina.core.StandardEngine  : Starting Servlet engine: [Apache Tomcat/9.0.35]
2020-06-10 16:26:40.326  INFO 12836 --- [restartedMain] o.a.c.c.C.[Tomcat].[localhost].[/]       : Initializing Spring embedded WebApplicationContext
2020-06-10 16:26:40.326  INFO 12836 --- [restartedMain] o.s.web.context.ContextLoader            : Root WebApplicationContext: initialization completed in 1479 ms
2020-06-10 16:26:40.476  INFO 12836 --- [restartedMain] o.s.s.concurrent.ThreadPoolTaskExecutor  : Initializing ExecutorService 'applicationTaskExecutor'
2020-06-10 16:26:40.516  INFO 12836 --- [task-1] o.hibernate.jpa.internal.util.LogHelper  : HHH000204: Processing PersistenceUnitInfo [name: default]
2020-06-10 16:26:40.556  INFO 12836 --- [task-1] org.hibernate.Version                    : HHH000412: Hibernate ORM core version 5.4.15.Final
2020-06-10 16:26:40.586  WARN 12836 --- [restartedMain] JpaBaseConfiguration$JpaWebConfiguration : spring.jpa.open-in-view is enabled by default. Therefore, database queries may be performed during view rendering. Explicitly configure spring.jpa.open-in-view to disable this warning
2020-06-10 16:26:40.706  INFO 12836 --- [task-1] o.hibernate.annotations.common.Version   : HCANN000001: Hibernate Commons Annotations {5.1.0.Final}
2020-06-10 16:26:40.776  INFO 12836 --- [task-1] com.zaxxer.hikari.HikariDataSource       : HikariPool-1 - Starting...
2020-06-10 16:26:40.866  INFO 12836 --- [task-1] com.zaxxer.hikari.pool.PoolBase          : HikariPool-1 - Driver does not support get/set network timeout for connections. (com.mysql.jdbc.JDBC4Connection.getNetworkTimeout()I)
2020-06-10 16:26:40.876  INFO 12836 --- [task-1] com.zaxxer.hikari.HikariDataSource       : HikariPool-1 - Start completed.
2020-06-10 16:26:40.886  INFO 12836 --- [task-1] org.hibernate.dialect.Dialect            : HHH000400: Using dialect: org.hibernate.dialect.MySQL5InnoDBDialect
2020-06-10 16:26:41.515  INFO 12836 --- [task-1] o.h.e.t.j.p.i.JtaPlatformInitiator       : HHH000490: Using JtaPlatform implementation: [org.hibernate.engine.transaction.jta.platform.internal.NoJtaPlatform]
2020-06-10 16:26:41.525  INFO 12836 --- [task-1] j.LocalContainerEntityManagerFactoryBean : Initialized JPA EntityManagerFactory for persistence unit 'default'
2020-06-10 16:26:41.825  INFO 12836 --- [task-2] o.s.b.d.a.OptionalLiveReloadServer       : LiveReload server is running on port 35729
2020-06-10 16:26:41.865  INFO 12836 --- [restartedMain] o.s.b.a.w.s.WelcomePageHandlerMapping    : Adding welcome page template: index
2020-06-10 16:26:42.155  INFO 12836 --- [restartedMain] o.s.b.w.embedded.tomcat.TomcatWebServer  : Tomcat started on port(s): 8080 (http) with context path ''
2020-06-10 16:26:42.155  INFO 12836 --- [restartedMain] DeferredRepositoryInitializationListener : Triggering deferred initialization of Spring Data repositories…
2020-06-10 16:26:42.832  INFO 12836 --- [restartedMain] DeferredRepositoryInitializationListener : Spring Data repositories initialized!
2020-06-10 16:26:42.846  INFO 12836 --- [restartedMain] com.example.weiyi.WeiyiApplication       : Started WeiyiApplication in 4.52 seconds (JVM running for 5.947)
2020-06-10 16:26:43.817  INFO 12836 --- [http-nio-8080-exec-1] o.apache.tomcat.util.http.parser.Cookie  : A cookie header was received [1589283574,1589337142,1589560880; zplayer-volume=0.9; Hm_lvt_b393d153aeb26b46e9431fabaf0f6190=1591685818,1591687141,1591775835,1591776832; JSESSIONID=19CA462517FBC1C9674AA04B2493DD3B; Hm_lpvt_b393d153aeb26b46e9431fabaf0f6190=1591777423] that contained an invalid cookie. That cookie will be ignored.
 Note: further occurrences of this error will be logged at DEBUG level.
2020-06-10 16:26:43.827  INFO 12836 --- [http-nio-8080-exec-1] o.a.c.c.C.[Tomcat].[localhost].[/]       : Initializing Spring DispatcherServlet 'dispatcherServlet'
2020-06-10 16:26:43.827  INFO 12836 --- [http-nio-8080-exec-1] o.s.web.servlet.DispatcherServlet        : Initializing Servlet 'dispatcherServlet'
2020-06-10 16:26:43.837  INFO 12836 --- [http-nio-8080-exec-1] o.s.web.servlet.DispatcherServlet        : Completed initialization in 10 ms
2020-06-10 16:27:29.349  WARN 12836 --- [http-nio-8080-exec-6] .w.s.m.s.DefaultHandlerExceptionResolver : Resolved [org.springframework.web.HttpRequestMethodNotSupportedException: Request method 'GET' not supported]
